build/app/intermediates/manifest_merge_blame_file/release/manifest-merger-blame-release-report.txt
1<?xml version="1.0" encoding="utf-8"?>
2<manifest xmlns:android="http://schemas.android.com/apk/res/android"
3    package="com.sofiworkout.men.women"
4    android:versionCode="1"
5    android:versionName="1.0.0" >
6
7    <uses-sdk
8        android:minSdkVersion="21"
8-->src/main/AndroidManifest.xml
9        android:targetSdkVersion="33" />
9-->src/main/AndroidManifest.xml
10
11    <uses-permission android:name="android.permission.INTERNET" />
11-->src/main/AndroidManifest.xml:4:5-67
11-->src/main/AndroidManifest.xml:4:22-64
12    <uses-permission android:name="android.permission.RECEIVE_BOOT_COMPLETED" />
12-->[:flutter_local_notifications] AndroidManifest.xml:7:5-81
12-->[:flutter_local_notifications] AndroidManifest.xml:7:22-78
13    <uses-permission android:name="android.permission.VIBRATE" />
13-->[:flutter_local_notifications] AndroidManifest.xml:8:5-66
13-->[:flutter_local_notifications] AndroidManifest.xml:8:22-63
14    <uses-permission android:name="android.permission.USE_FULL_SCREEN_INTENT" />
14-->[:flutter_local_notifications] AndroidManifest.xml:9:5-81
14-->[:flutter_local_notifications] AndroidManifest.xml:9:22-78
15    <uses-permission android:name="android.permission.SCHEDULE_EXACT_ALARM" />
15-->[:flutter_local_notifications] AndroidManifest.xml:10:5-79
15-->[:flutter_local_notifications] AndroidManifest.xml:10:22-76
16    <uses-permission android:name="android.permission.POST_NOTIFICATIONS" />
16-->[:flutter_local_notifications] AndroidManifest.xml:11:5-77
16-->[:flutter_local_notifications] AndroidManifest.xml:11:22-74
17
18    <queries>
18-->[:flutter_inappwebview] AndroidManifest.xml:7:5-11:15
19        <intent>
19-->[:flutter_inappwebview] AndroidManifest.xml:8:9-10:18
20            <action android:name="android.support.customtabs.action.CustomTabsService" />
20-->[:flutter_inappwebview] AndroidManifest.xml:9:13-90
20-->[:flutter_inappwebview] AndroidManifest.xml:9:21-87
21        </intent>
22        <!-- For browser content -->
23        <intent>
23-->[com.google.android.gms:play-services-ads-lite:20.6.0] AndroidManifest.xml:31:9-37:18
24            <action android:name="android.intent.action.VIEW" />
24-->[com.google.android.gms:play-services-ads-lite:20.6.0] AndroidManifest.xml:32:13-65
24-->[com.google.android.gms:play-services-ads-lite:20.6.0] AndroidManifest.xml:32:21-62
25
26            <category android:name="android.intent.category.BROWSABLE" />
26-->[com.google.android.gms:play-services-ads-lite:20.6.0] AndroidManifest.xml:34:13-74
26-->[com.google.android.gms:play-services-ads-lite:20.6.0] AndroidManifest.xml:34:23-71
27
28            <data android:scheme="https" />
28-->[com.google.android.gms:play-services-ads-lite:20.6.0] AndroidManifest.xml:36:13-44
28-->[com.google.android.gms:play-services-ads-lite:20.6.0] AndroidManifest.xml:36:19-41
29        </intent>
30        <intent>
30-->[com.android.billingclient:billing:5.1.0] AndroidManifest.xml:17:9-19:18
31            <action android:name="com.android.vending.billing.InAppBillingService.BIND" />
31-->[com.android.billingclient:billing:5.1.0] AndroidManifest.xml:18:13-91
31-->[com.android.billingclient:billing:5.1.0] AndroidManifest.xml:18:21-88
32        </intent>
33    </queries>
34
35    <uses-permission android:name="android.permission.ACCESS_NETWORK_STATE" />
35-->[com.google.android.gms:play-services-ads-lite:20.6.0] AndroidManifest.xml:24:5-79
35-->[com.google.android.gms:play-services-ads-lite:20.6.0] AndroidManifest.xml:24:22-76
36    <uses-permission android:name="com.google.android.gms.permission.AD_ID" />
36-->[com.google.android.gms:play-services-ads-lite:20.6.0] AndroidManifest.xml:25:5-79
36-->[com.google.android.gms:play-services-ads-lite:20.6.0] AndroidManifest.xml:25:22-76
37    <uses-permission android:name="android.permission.WAKE_LOCK" /> <!-- Permission will be merged into the manifest of the hosting app. -->
37-->[com.google.android.gms:play-services-measurement-sdk-api:18.0.3] AndroidManifest.xml:25:5-68
37-->[com.google.android.gms:play-services-measurement-sdk-api:18.0.3] AndroidManifest.xml:25:22-65
38    <!-- Is required to launch foreground extraction service for targetSdkVersion 28+. -->
39    <uses-permission android:name="android.permission.FOREGROUND_SERVICE" />
39-->[com.google.android.play:core:1.8.0] AndroidManifest.xml:8:3-74
39-->[com.google.android.play:core:1.8.0] AndroidManifest.xml:8:20-72
40
41    <permission
41-->[androidx.core:core:1.9.0] AndroidManifest.xml:22:5-24:47
42        android:name="com.sofiworkout.men.women.DYNAMIC_RECEIVER_NOT_EXPORTED_PERMISSION"
42-->[androidx.core:core:1.9.0] AndroidManifest.xml:23:9-81
43        android:protectionLevel="signature" />
43-->[androidx.core:core:1.9.0] AndroidManifest.xml:24:9-44
44
45    <uses-permission android:name="com.sofiworkout.men.women.DYNAMIC_RECEIVER_NOT_EXPORTED_PERMISSION" />
45-->[androidx.core:core:1.9.0] AndroidManifest.xml:26:5-97
45-->[androidx.core:core:1.9.0] AndroidManifest.xml:26:22-94
46    <uses-permission android:name="com.android.vending.BILLING" />
46-->[com.android.billingclient:billing:5.1.0] AndroidManifest.xml:10:5-67
46-->[com.android.billingclient:billing:5.1.0] AndroidManifest.xml:10:22-64
47
48    <application
48-->src/main/AndroidManifest.xml:6:4-59:19
49        android:allowBackup="false"
49-->src/main/AndroidManifest.xml:10:9-36
50        android:appComponentFactory="androidx.core.app.CoreComponentFactory"
50-->[androidx.core:core:1.9.0] AndroidManifest.xml:28:18-86
51        android:icon="@mipmap/ic_launcher"
51-->src/main/AndroidManifest.xml:8:9-43
52        android:label="soFi Daily Workout Dose"
52-->src/main/AndroidManifest.xml:7:9-48
53        android:roundIcon="@mipmap/ic_launcher_round"
53-->src/main/AndroidManifest.xml:9:9-54
54        android:screenOrientation="portrait" >
54-->src/main/AndroidManifest.xml:11:9-45
55        <meta-data
55-->src/main/AndroidManifest.xml:13:8-15:69
56            android:name="com.google.android.gms.ads.APPLICATION_ID"
56-->src/main/AndroidManifest.xml:14:12-68
57            android:value="ca-app-pub-2106445418736402~5951590243" />
57-->src/main/AndroidManifest.xml:15:12-66
58        <meta-data
58-->src/main/AndroidManifest.xml:18:8-20:68
59            android:name="com.google.android.gms.version"
59-->src/main/AndroidManifest.xml:19:12-57
60            android:value="@integer/google_play_services_version" />
60-->src/main/AndroidManifest.xml:20:12-65
61
62        <activity
62-->src/main/AndroidManifest.xml:22:9-53:20
63            android:name="com.sofiworkout.nilamnick.MainActivity"
63-->src/main/AndroidManifest.xml:23:13-41
64            android:configChanges="orientation|keyboardHidden|keyboard|screenSize|smallestScreenSize|locale|layoutDirection|fontScale|screenLayout|density|uiMode"
64-->src/main/AndroidManifest.xml:27:13-163
65            android:exported="true"
65-->src/main/AndroidManifest.xml:24:13-36
66            android:hardwareAccelerated="true"
66-->src/main/AndroidManifest.xml:28:13-47
67            android:launchMode="singleTop"
67-->src/main/AndroidManifest.xml:25:13-43
68            android:theme="@style/LaunchTheme"
68-->src/main/AndroidManifest.xml:26:13-47
69            android:windowSoftInputMode="adjustResize" >
69-->src/main/AndroidManifest.xml:29:13-55
70
71            <!--
72                 Specifies an Android theme to apply to this Activity as soon as
73                 the Android process has started. This theme is visible to the user
74                 while the Flutter UI initializes. After that, this theme continues
75                 to determine the Window background behind the Flutter UI.
76            -->
77            <meta-data
77-->src/main/AndroidManifest.xml:34:13-37:17
78                android:name="io.flutter.embedding.android.NormalTheme"
78-->src/main/AndroidManifest.xml:35:15-70
79                android:resource="@style/NormalTheme" />
79-->src/main/AndroidManifest.xml:36:15-52
80
81            <!--
82                 Displays an Android View that continues showing the launch screen
83                 Drawable until Flutter paints its first frame, then this splash
84                 screen fades out. A splash screen is useful to avoid any visual
85                 gap between the end of Android's launch screen and the painting of
86                 Flutter's first frame.
87            -->
88            <meta-data
88-->src/main/AndroidManifest.xml:45:13-48:17
89                android:name="io.flutter.embedding.android.SplashScreenDrawable"
89-->src/main/AndroidManifest.xml:46:15-79
90                android:resource="@drawable/launch_background" />
90-->src/main/AndroidManifest.xml:47:15-61
91
92            <intent-filter>
92-->src/main/AndroidManifest.xml:49:13-52:29
93                <action android:name="android.intent.action.MAIN" />
93-->src/main/AndroidManifest.xml:50:17-68
93-->src/main/AndroidManifest.xml:50:25-66
94
95                <category android:name="android.intent.category.LAUNCHER" />
95-->src/main/AndroidManifest.xml:51:17-76
95-->src/main/AndroidManifest.xml:51:27-74
96            </intent-filter>
97        </activity>
98        <!--
99             Don't delete the meta-data below.
100             This is used by the Flutter tool to generate GeneratedPluginRegistrant.java
101        -->
102        <meta-data
102-->src/main/AndroidManifest.xml:56:9-58:33
103            android:name="flutterEmbedding"
103-->src/main/AndroidManifest.xml:57:13-44
104            android:value="2" />
104-->src/main/AndroidManifest.xml:58:13-30
105
106        <receiver
106-->[:flutter_local_notifications] AndroidManifest.xml:14:9-16:40
107            android:name="com.dexterous.flutterlocalnotifications.ScheduledNotificationReceiver"
107-->[:flutter_local_notifications] AndroidManifest.xml:15:13-97
108            android:exported="false" />
108-->[:flutter_local_notifications] AndroidManifest.xml:16:13-37
109        <receiver
109-->[:flutter_local_notifications] AndroidManifest.xml:17:9-26:20
110            android:name="com.dexterous.flutterlocalnotifications.ScheduledNotificationBootReceiver"
110-->[:flutter_local_notifications] AndroidManifest.xml:18:13-101
111            android:exported="false" >
111-->[:flutter_local_notifications] AndroidManifest.xml:19:13-37
112            <intent-filter>
112-->[:flutter_local_notifications] AndroidManifest.xml:20:13-25:29
113                <action android:name="android.intent.action.BOOT_COMPLETED" />
113-->[:flutter_local_notifications] AndroidManifest.xml:21:17-79
113-->[:flutter_local_notifications] AndroidManifest.xml:21:25-76
114                <action android:name="android.intent.action.MY_PACKAGE_REPLACED" />
114-->[:flutter_local_notifications] AndroidManifest.xml:22:17-84
114-->[:flutter_local_notifications] AndroidManifest.xml:22:25-81
115                <action android:name="android.intent.action.QUICKBOOT_POWERON" />
115-->[:flutter_local_notifications] AndroidManifest.xml:23:17-82
115-->[:flutter_local_notifications] AndroidManifest.xml:23:25-79
116                <action android:name="com.htc.intent.action.QUICKBOOT_POWERON" />
116-->[:flutter_local_notifications] AndroidManifest.xml:24:17-82
116-->[:flutter_local_notifications] AndroidManifest.xml:24:25-79
117            </intent-filter>
118        </receiver>
119
120        <activity
120-->[:url_launcher_android] AndroidManifest.xml:8:9-11:74
121            android:name="io.flutter.plugins.urllauncher.WebViewActivity"
121-->[:url_launcher_android] AndroidManifest.xml:9:13-74
122            android:exported="false"
122-->[:url_launcher_android] AndroidManifest.xml:10:13-37
123            android:theme="@android:style/Theme.NoTitleBar.Fullscreen" />
123-->[:url_launcher_android] AndroidManifest.xml:11:13-71
124        <activity
124-->[:flutter_inappwebview] AndroidManifest.xml:14:9-18:47
125            android:name="com.pichillilorenzo.flutter_inappwebview.in_app_browser.InAppBrowserActivity"
125-->[:flutter_inappwebview] AndroidManifest.xml:15:13-104
126            android:configChanges="orientation|keyboardHidden|keyboard|screenSize|locale|layoutDirection|fontScale|screenLayout|density"
126-->[:flutter_inappwebview] AndroidManifest.xml:16:13-137
127            android:exported="false"
127-->[:flutter_inappwebview] AndroidManifest.xml:17:13-37
128            android:theme="@style/AppTheme" />
128-->[:flutter_inappwebview] AndroidManifest.xml:18:13-44
129        <activity
129-->[:flutter_inappwebview] AndroidManifest.xml:19:9-22:55
130            android:name="com.pichillilorenzo.flutter_inappwebview.chrome_custom_tabs.ChromeCustomTabsActivity"
130-->[:flutter_inappwebview] AndroidManifest.xml:20:13-112
131            android:exported="false"
131-->[:flutter_inappwebview] AndroidManifest.xml:21:13-37
132            android:theme="@style/ThemeTransparent" />
132-->[:flutter_inappwebview] AndroidManifest.xml:22:13-52
133        <activity
133-->[:flutter_inappwebview] AndroidManifest.xml:23:9-26:55
134            android:name="com.pichillilorenzo.flutter_inappwebview.chrome_custom_tabs.TrustedWebActivity"
134-->[:flutter_inappwebview] AndroidManifest.xml:24:13-106
135            android:exported="false"
135-->[:flutter_inappwebview] AndroidManifest.xml:25:13-37
136            android:theme="@style/ThemeTransparent" />
136-->[:flutter_inappwebview] AndroidManifest.xml:26:13-52
137        <activity
137-->[:flutter_inappwebview] AndroidManifest.xml:27:9-31:55
138            android:name="com.pichillilorenzo.flutter_inappwebview.chrome_custom_tabs.ChromeCustomTabsActivitySingleInstance"
138-->[:flutter_inappwebview] AndroidManifest.xml:28:13-126
139            android:exported="false"
139-->[:flutter_inappwebview] AndroidManifest.xml:29:13-37
140            android:launchMode="singleInstance"
140-->[:flutter_inappwebview] AndroidManifest.xml:30:13-48
141            android:theme="@style/ThemeTransparent" />
141-->[:flutter_inappwebview] AndroidManifest.xml:31:13-52
142        <activity
142-->[:flutter_inappwebview] AndroidManifest.xml:32:9-36:55
143            android:name="com.pichillilorenzo.flutter_inappwebview.chrome_custom_tabs.TrustedWebActivitySingleInstance"
143-->[:flutter_inappwebview] AndroidManifest.xml:33:13-120
144            android:exported="false"
144-->[:flutter_inappwebview] AndroidManifest.xml:34:13-37
145            android:launchMode="singleInstance"
145-->[:flutter_inappwebview] AndroidManifest.xml:35:13-48
146            android:theme="@style/ThemeTransparent" />
146-->[:flutter_inappwebview] AndroidManifest.xml:36:13-52
147
148        <receiver
148-->[:flutter_inappwebview] AndroidManifest.xml:38:9-41:40
149            android:name="com.pichillilorenzo.flutter_inappwebview.chrome_custom_tabs.ActionBroadcastReceiver"
149-->[:flutter_inappwebview] AndroidManifest.xml:39:13-111
150            android:enabled="true"
150-->[:flutter_inappwebview] AndroidManifest.xml:40:13-35
151            android:exported="false" />
151-->[:flutter_inappwebview] AndroidManifest.xml:41:13-37
152
153        <meta-data
153-->[:flutter_inappwebview] AndroidManifest.xml:43:9-45:36
154            android:name="io.flutter.embedded_views_preview"
154-->[:flutter_inappwebview] AndroidManifest.xml:44:13-61
155            android:value="true" />
155-->[:flutter_inappwebview] AndroidManifest.xml:45:13-33
156        <!--
157           Declares a provider which allows us to store files to share in
158           '.../caches/share_plus' and grant the receiving action access
159        -->
160        <provider
160-->[:share_plus] AndroidManifest.xml:13:9-21:20
161            android:name="dev.fluttercommunity.plus.share.ShareFileProvider"
161-->[:share_plus] AndroidManifest.xml:14:13-77
162            android:authorities="com.sofiworkout.men.women.flutter.share_provider"
162-->[:share_plus] AndroidManifest.xml:15:13-74
163            android:exported="false"
163-->[:share_plus] AndroidManifest.xml:16:13-37
164            android:grantUriPermissions="true" >
164-->[:share_plus] AndroidManifest.xml:17:13-47
165            <meta-data
165-->[:share_plus] AndroidManifest.xml:18:13-20:68
166                android:name="android.support.FILE_PROVIDER_PATHS"
166-->[:share_plus] AndroidManifest.xml:19:17-67
167                android:resource="@xml/flutter_share_file_paths" />
167-->[:share_plus] AndroidManifest.xml:20:17-65
168        </provider>
169        <!--
170           This manifest declared broadcast receiver allows us to use an explicit
171           Intent when creating a PendingItent to be informed of the user's choice
172        -->
173        <receiver
173-->[:share_plus] AndroidManifest.xml:26:9-32:20
174            android:name="dev.fluttercommunity.plus.share.SharePlusPendingIntent"
174-->[:share_plus] AndroidManifest.xml:27:13-82
175            android:exported="true" >
175-->[:share_plus] AndroidManifest.xml:28:13-36
176            <intent-filter>
176-->[:share_plus] AndroidManifest.xml:29:13-31:29
177                <action android:name="EXTRA_CHOSEN_COMPONENT" />
177-->[:share_plus] AndroidManifest.xml:30:17-65
177-->[:share_plus] AndroidManifest.xml:30:25-62
178            </intent-filter>
179        </receiver>
180
181        <uses-library
181-->[androidx.window:window:1.0.0-beta04] AndroidManifest.xml:25:9-27:40
182            android:name="androidx.window.extensions"
182-->[androidx.window:window:1.0.0-beta04] AndroidManifest.xml:26:13-54
183            android:required="false" />
183-->[androidx.window:window:1.0.0-beta04] AndroidManifest.xml:27:13-37
184        <uses-library
184-->[androidx.window:window:1.0.0-beta04] AndroidManifest.xml:28:9-30:40
185            android:name="androidx.window.sidecar"
185-->[androidx.window:window:1.0.0-beta04] AndroidManifest.xml:29:13-51
186            android:required="false" /> <!-- Include the AdActivity and InAppPurchaseActivity configChanges and themes. -->
186-->[androidx.window:window:1.0.0-beta04] AndroidManifest.xml:30:13-37
187        <activity
187-->[com.google.android.gms:play-services-ads-lite:20.6.0] AndroidManifest.xml:49:9-53:64
188            android:name="com.google.android.gms.ads.AdActivity"
188-->[com.google.android.gms:play-services-ads-lite:20.6.0] AndroidManifest.xml:50:13-65
189            android:configChanges="keyboard|keyboardHidden|orientation|screenLayout|uiMode|screenSize|smallestScreenSize"
189-->[com.google.android.gms:play-services-ads-lite:20.6.0] AndroidManifest.xml:51:13-122
190            android:exported="false"
190-->[com.google.android.gms:play-services-ads-lite:20.6.0] AndroidManifest.xml:52:13-37
191            android:theme="@android:style/Theme.Translucent" />
191-->[com.google.android.gms:play-services-ads-lite:20.6.0] AndroidManifest.xml:53:13-61
192
193        <provider
193-->[com.google.android.gms:play-services-ads-lite:20.6.0] AndroidManifest.xml:55:9-59:39
194            android:name="com.google.android.gms.ads.MobileAdsInitProvider"
194-->[com.google.android.gms:play-services-ads-lite:20.6.0] AndroidManifest.xml:56:13-76
195            android:authorities="com.sofiworkout.men.women.mobileadsinitprovider"
195-->[com.google.android.gms:play-services-ads-lite:20.6.0] AndroidManifest.xml:57:13-73
196            android:exported="false"
196-->[com.google.android.gms:play-services-ads-lite:20.6.0] AndroidManifest.xml:58:13-37
197            android:initOrder="100" />
197-->[com.google.android.gms:play-services-ads-lite:20.6.0] AndroidManifest.xml:59:13-36
198
199        <service
199-->[com.google.android.gms:play-services-ads-lite:20.6.0] AndroidManifest.xml:61:9-64:40
200            android:name="com.google.android.gms.ads.AdService"
200-->[com.google.android.gms:play-services-ads-lite:20.6.0] AndroidManifest.xml:62:13-64
201            android:enabled="true"
201-->[com.google.android.gms:play-services-ads-lite:20.6.0] AndroidManifest.xml:63:13-35
202            android:exported="false" />
202-->[com.google.android.gms:play-services-ads-lite:20.6.0] AndroidManifest.xml:64:13-37
203
204        <activity
204-->[com.google.android.gms:play-services-base:17.6.0] AndroidManifest.xml:23:9-26:75
205            android:name="com.google.android.gms.common.api.GoogleApiActivity"
205-->[com.google.android.gms:play-services-base:17.6.0] AndroidManifest.xml:24:13-79
206            android:exported="false"
206-->[com.google.android.gms:play-services-base:17.6.0] AndroidManifest.xml:25:13-37
207            android:theme="@android:style/Theme.Translucent.NoTitleBar" /> <!-- The activities will be merged into the manifest of the hosting app. -->
207-->[com.google.android.gms:play-services-base:17.6.0] AndroidManifest.xml:26:13-72
208        <activity
208-->[com.google.android.play:core:1.8.0] AndroidManifest.xml:12:5-271
209            android:name="com.google.android.play.core.missingsplits.PlayCoreMissingSplitsActivity"
209-->[com.google.android.play:core:1.8.0] AndroidManifest.xml:12:15-102
210            android:enabled="false"
210-->[com.google.android.play:core:1.8.0] AndroidManifest.xml:12:103-126
211            android:exported="false"
211-->[com.google.android.play:core:1.8.0] AndroidManifest.xml:12:127-151
212            android:launchMode="singleInstance"
212-->[com.google.android.play:core:1.8.0] AndroidManifest.xml:12:204-239
213            android:process=":playcore_missing_splits_activity"
213-->[com.google.android.play:core:1.8.0] AndroidManifest.xml:12:152-203
214            android:stateNotNeeded="true" />
214-->[com.google.android.play:core:1.8.0] AndroidManifest.xml:12:240-269
215        <activity
215-->[com.google.android.play:core:1.8.0] AndroidManifest.xml:13:5-226
216            android:name="com.google.android.play.core.common.PlayCoreDialogWrapperActivity"
216-->[com.google.android.play:core:1.8.0] AndroidManifest.xml:13:15-95
217            android:enabled="false"
217-->[com.google.android.play:core:1.8.0] AndroidManifest.xml:13:96-119
218            android:exported="false"
218-->[com.google.android.play:core:1.8.0] AndroidManifest.xml:13:120-144
219            android:stateNotNeeded="true"
219-->[com.google.android.play:core:1.8.0] AndroidManifest.xml:13:145-174
220            android:theme="@style/Theme.PlayCore.Transparent" /> <!-- The service will be merged into the manifest of the hosting app. -->
220-->[com.google.android.play:core:1.8.0] AndroidManifest.xml:13:175-224
221        <service
221-->[com.google.android.play:core:1.8.0] AndroidManifest.xml:16:5-145
222            android:name="com.google.android.play.core.assetpacks.AssetPackExtractionService"
222-->[com.google.android.play:core:1.8.0] AndroidManifest.xml:16:14-95
223            android:enabled="false"
223-->[com.google.android.play:core:1.8.0] AndroidManifest.xml:16:96-119
224            android:exported="true" />
224-->[com.google.android.play:core:1.8.0] AndroidManifest.xml:16:120-143
225
226        <provider
226-->[androidx.emoji2:emoji2:1.2.0] AndroidManifest.xml:24:9-32:20
227            android:name="androidx.startup.InitializationProvider"
227-->[androidx.emoji2:emoji2:1.2.0] AndroidManifest.xml:25:13-67
228            android:authorities="com.sofiworkout.men.women.androidx-startup"
228-->[androidx.emoji2:emoji2:1.2.0] AndroidManifest.xml:26:13-68
229            android:exported="false" >
229-->[androidx.emoji2:emoji2:1.2.0] AndroidManifest.xml:27:13-37
230            <meta-data
230-->[androidx.emoji2:emoji2:1.2.0] AndroidManifest.xml:29:13-31:52
231                android:name="androidx.emoji2.text.EmojiCompatInitializer"
231-->[androidx.emoji2:emoji2:1.2.0] AndroidManifest.xml:30:17-75
232                android:value="androidx.startup" />
232-->[androidx.emoji2:emoji2:1.2.0] AndroidManifest.xml:31:17-49
233            <meta-data
233-->[androidx.work:work-runtime:2.7.0] AndroidManifest.xml:36:13-38:52
234                android:name="androidx.work.WorkManagerInitializer"
234-->[androidx.work:work-runtime:2.7.0] AndroidManifest.xml:37:17-68
235                android:value="androidx.startup" />
235-->[androidx.work:work-runtime:2.7.0] AndroidManifest.xml:38:17-49
236            <meta-data
236-->[androidx.lifecycle:lifecycle-process:2.4.1] AndroidManifest.xml:31:13-33:52
237                android:name="androidx.lifecycle.ProcessLifecycleInitializer"
237-->[androidx.lifecycle:lifecycle-process:2.4.1] AndroidManifest.xml:32:17-78
238                android:value="androidx.startup" />
238-->[androidx.lifecycle:lifecycle-process:2.4.1] AndroidManifest.xml:33:17-49
239        </provider>
240
241        <service
241-->[androidx.work:work-runtime:2.7.0] AndroidManifest.xml:41:9-46:35
242            android:name="androidx.work.impl.background.systemalarm.SystemAlarmService"
242-->[androidx.work:work-runtime:2.7.0] AndroidManifest.xml:42:13-88
243            android:directBootAware="false"
243-->[androidx.work:work-runtime:2.7.0] AndroidManifest.xml:43:13-44
244            android:enabled="@bool/enable_system_alarm_service_default"
244-->[androidx.work:work-runtime:2.7.0] AndroidManifest.xml:44:13-72
245            android:exported="false" />
245-->[androidx.work:work-runtime:2.7.0] AndroidManifest.xml:45:13-37
246        <service
246-->[androidx.work:work-runtime:2.7.0] AndroidManifest.xml:47:9-53:35
247            android:name="androidx.work.impl.background.systemjob.SystemJobService"
247-->[androidx.work:work-runtime:2.7.0] AndroidManifest.xml:48:13-84
248            android:directBootAware="false"
248-->[androidx.work:work-runtime:2.7.0] AndroidManifest.xml:49:13-44
249            android:enabled="@bool/enable_system_job_service_default"
249-->[androidx.work:work-runtime:2.7.0] AndroidManifest.xml:50:13-70
250            android:exported="true"
250-->[androidx.work:work-runtime:2.7.0] AndroidManifest.xml:51:13-36
251            android:permission="android.permission.BIND_JOB_SERVICE" />
251-->[androidx.work:work-runtime:2.7.0] AndroidManifest.xml:52:13-69
252        <service
252-->[androidx.work:work-runtime:2.7.0] AndroidManifest.xml:54:9-59:35
253            android:name="androidx.work.impl.foreground.SystemForegroundService"
253-->[androidx.work:work-runtime:2.7.0] AndroidManifest.xml:55:13-81
254            android:directBootAware="false"
254-->[androidx.work:work-runtime:2.7.0] AndroidManifest.xml:56:13-44
255            android:enabled="@bool/enable_system_foreground_service_default"
255-->[androidx.work:work-runtime:2.7.0] AndroidManifest.xml:57:13-77
256            android:exported="false" />
256-->[androidx.work:work-runtime:2.7.0] AndroidManifest.xml:58:13-37
257
258        <receiver
258-->[androidx.work:work-runtime:2.7.0] AndroidManifest.xml:61:9-66:35
259            android:name="androidx.work.impl.utils.ForceStopRunnable$BroadcastReceiver"
259-->[androidx.work:work-runtime:2.7.0] AndroidManifest.xml:62:13-88
260            android:directBootAware="false"
260-->[androidx.work:work-runtime:2.7.0] AndroidManifest.xml:63:13-44
261            android:enabled="true"
261-->[androidx.work:work-runtime:2.7.0] AndroidManifest.xml:64:13-35
262            android:exported="false" />
262-->[androidx.work:work-runtime:2.7.0] AndroidManifest.xml:65:13-37
263        <receiver
263-->[androidx.work:work-runtime:2.7.0] AndroidManifest.xml:67:9-77:20
264            android:name="androidx.work.impl.background.systemalarm.ConstraintProxy$BatteryChargingProxy"
264-->[androidx.work:work-runtime:2.7.0] AndroidManifest.xml:68:13-106
265            android:directBootAware="false"
265-->[androidx.work:work-runtime:2.7.0] AndroidManifest.xml:69:13-44
266            android:enabled="false"
266-->[androidx.work:work-runtime:2.7.0] AndroidManifest.xml:70:13-36
267            android:exported="false" >
267-->[androidx.work:work-runtime:2.7.0] AndroidManifest.xml:71:13-37
268            <intent-filter>
268-->[androidx.work:work-runtime:2.7.0] AndroidManifest.xml:73:13-76:29
269                <action android:name="android.intent.action.ACTION_POWER_CONNECTED" />
269-->[androidx.work:work-runtime:2.7.0] AndroidManifest.xml:74:17-87
269-->[androidx.work:work-runtime:2.7.0] AndroidManifest.xml:74:25-84
270                <action android:name="android.intent.action.ACTION_POWER_DISCONNECTED" />
270-->[androidx.work:work-runtime:2.7.0] AndroidManifest.xml:75:17-90
270-->[androidx.work:work-runtime:2.7.0] AndroidManifest.xml:75:25-87
271            </intent-filter>
272        </receiver>
273        <receiver
273-->[androidx.work:work-runtime:2.7.0] AndroidManifest.xml:78:9-88:20
274            android:name="androidx.work.impl.background.systemalarm.ConstraintProxy$BatteryNotLowProxy"
274-->[androidx.work:work-runtime:2.7.0] AndroidManifest.xml:79:13-104
275            android:directBootAware="false"
275-->[androidx.work:work-runtime:2.7.0] AndroidManifest.xml:80:13-44
276            android:enabled="false"
276-->[androidx.work:work-runtime:2.7.0] AndroidManifest.xml:81:13-36
277            android:exported="false" >
277-->[androidx.work:work-runtime:2.7.0] AndroidManifest.xml:82:13-37
278            <intent-filter>
278-->[androidx.work:work-runtime:2.7.0] AndroidManifest.xml:84:13-87:29
279                <action android:name="android.intent.action.BATTERY_OKAY" />
279-->[androidx.work:work-runtime:2.7.0] AndroidManifest.xml:85:17-77
279-->[androidx.work:work-runtime:2.7.0] AndroidManifest.xml:85:25-74
280                <action android:name="android.intent.action.BATTERY_LOW" />
280-->[androidx.work:work-runtime:2.7.0] AndroidManifest.xml:86:17-76
280-->[androidx.work:work-runtime:2.7.0] AndroidManifest.xml:86:25-73
281            </intent-filter>
282        </receiver>
283        <receiver
283-->[androidx.work:work-runtime:2.7.0] AndroidManifest.xml:89:9-99:20
284            android:name="androidx.work.impl.background.systemalarm.ConstraintProxy$StorageNotLowProxy"
284-->[androidx.work:work-runtime:2.7.0] AndroidManifest.xml:90:13-104
285            android:directBootAware="false"
285-->[androidx.work:work-runtime:2.7.0] AndroidManifest.xml:91:13-44
286            android:enabled="false"
286-->[androidx.work:work-runtime:2.7.0] AndroidManifest.xml:92:13-36